
SQLSTATE[42S02]: Base table or view not found: 1146 Table 'synapse.permission' doesn't exist,720,C:\xampp\htdocs\synapse\app\db\rb.php
SQLSTATE[42S02]: Base table or view not found: 1146 Table 'synapse.permission' doesn't exist,720,C:\xampp\htdocs\synapse\app\db\rb.php
[readfile(C:\xampp\htdocs\synapse/static/hls/2/out.m3u8): failed to open stream: No such file or directory,39,C:\xampp\htdocs\synapse\route.php],20,C:\xampp\htdocs\synapse\app\autoload.php
[readfile(C:\xampp\htdocs\synapse/static/hls/2/out.m3u8): failed to open stream: No such file or directory,39,C:\xampp\htdocs\synapse\route.php],20,C:\xampp\htdocs\synapse\app\autoload.php
[readfile(C:\xampp\htdocs\synapse/static/hls/2/out.m3u8): failed to open stream: No such file or directory,39,C:\xampp\htdocs\synapse\route.php],20,C:\xampp\htdocs\synapse\app\autoload.php
[readfile(C:\xampp\htdocs\synapse/static/hls/2/out.m3u8): failed to open stream: No such file or directory,39,C:\xampp\htdocs\synapse\route.php],20,C:\xampp\htdocs\synapse\app\autoload.php
[readfile(C:\xampp\htdocs\synapse/static/hls/2/out.m3u8): failed to open stream: No such file or directory,39,C:\xampp\htdocs\synapse\route.php],20,C:\xampp\htdocs\synapse\app\autoload.php
[readfile(C:\xampp\htdocs\synapse/static/hls/2/out.m3u8): failed to open stream: No such file or directory,39,C:\xampp\htdocs\synapse\route.php],20,C:\xampp\htdocs\synapse\app\autoload.php
[readfile(C:\xampp\htdocs\synapse/static/hls/2/out.m3u8): failed to open stream: No such file or directory,39,C:\xampp\htdocs\synapse\route.php],20,C:\xampp\htdocs\synapse\app\autoload.php
[readfile(C:\xampp\htdocs\synapse/static/hls/2/out.m3u8): failed to open stream: No such file or directory,39,C:\xampp\htdocs\synapse\route.php],20,C:\xampp\htdocs\synapse\app\autoload.php
[readfile(C:\xampp\htdocs\synapse/static/hls/2/out.m3u8): failed to open stream: No such file or directory,39,C:\xampp\htdocs\synapse\route.php],20,C:\xampp\htdocs\synapse\app\autoload.php
[readfile(C:\xampp\htdocs\synapse/static/hls/2/out.m3u8): failed to open stream: No such file or directory,39,C:\xampp\htdocs\synapse\route.php],20,C:\xampp\htdocs\synapse\app\autoload.php
[readfile(C:\xampp\htdocs\synapse/static/hls/2/out.m3u8): failed to open stream: No such file or directory,39,C:\xampp\htdocs\synapse\route.php],20,C:\xampp\htdocs\synapse\app\autoload.php
[readfile(C:\xampp\htdocs\synapse/static/hls/2/out.m3u8): failed to open stream: No such file or directory,39,C:\xampp\htdocs\synapse\route.php],20,C:\xampp\htdocs\synapse\app\autoload.php
[readfile(C:\xampp\htdocs\synapse/static/js/angular.min.js.map): failed to open stream: No such file or directory,39,C:\xampp\htdocs\synapse\route.php],20,C:\xampp\htdocs\synapse\app\autoload.php
[readfile(C:\xampp\htdocs\synapse/static/hls/2/out.m3u8): failed to open stream: No such file or directory,39,C:\xampp\htdocs\synapse\route.php],20,C:\xampp\htdocs\synapse\app\autoload.php
[readfile(C:\xampp\htdocs\synapse/static/hls/2/out.m3u8): failed to open stream: No such file or directory,39,C:\xampp\htdocs\synapse\route.php],20,C:\xampp\htdocs\synapse\app\autoload.php
[readfile(C:\xampp\htdocs\synapse/static/hls/2/out.m3u8): failed to open stream: No such file or directory,39,C:\xampp\htdocs\synapse\route.php],20,C:\xampp\htdocs\synapse\app\autoload.php
[readfile(C:\xampp\htdocs\synapse/static/hls/2/out.m3u8): failed to open stream: No such file or directory,39,C:\xampp\htdocs\synapse\route.php],20,C:\xampp\htdocs\synapse\app\autoload.php
[readfile(C:\xampp\htdocs\synapse/static/js/angular.min.js.map): failed to open stream: No such file or directory,39,C:\xampp\htdocs\synapse\route.php],20,C:\xampp\htdocs\synapse\app\autoload.php
[readfile(C:\xampp\htdocs\synapse/static/js/angular.min.js.map): failed to open stream: No such file or directory,39,C:\xampp\htdocs\synapse\route.php],20,C:\xampp\htdocs\synapse\app\autoload.php
[readfile(C:\xampp\htdocs\synapse/static/js/angular.min.js.map): failed to open stream: No such file or directory,39,C:\xampp\htdocs\synapse\route.php],20,C:\xampp\htdocs\synapse\app\autoload.php
auth.error.noData,54,C:\xampp\htdocs\synapse\app\controllers\user.login.php
auth.error.invalidData,31,C:\xampp\htdocs\synapse\app\controllers\user.login.php
auth.error.invalidData,31,C:\xampp\htdocs\synapse\app\controllers\user.login.php
[readfile(C:\xampp\htdocs\synapse/static/js/angular.min.js.map): failed to open stream: No such file or directory,39,C:\xampp\htdocs\synapse\route.php],20,C:\xampp\htdocs\synapse\app\autoload.php
auth.error.invalidData,31,C:\xampp\htdocs\synapse\app\controllers\user.login.php
[readfile(C:\xampp\htdocs\synapse/static/js/angular.min.js.map): failed to open stream: No such file or directory,39,C:\xampp\htdocs\synapse\route.php],20,C:\xampp\htdocs\synapse\app\autoload.php
[readfile(C:\xampp\htdocs\synapse/static/js/angular.min.js.map): failed to open stream: No such file or directory,39,C:\xampp\htdocs\synapse\route.php],20,C:\xampp\htdocs\synapse\app\autoload.php
auth.error.noData,54,C:\xampp\htdocs\synapse\app\controllers\user.login.php
[readfile(C:\xampp\htdocs\synapse/static/js/angular.min.js.map): failed to open stream: No such file or directory,39,C:\xampp\htdocs\synapse\route.php],20,C:\xampp\htdocs\synapse\app\autoload.php
[readfile(C:\xampp\htdocs\synapse/static/js/angular.min.js.map): failed to open stream: No such file or directory,39,C:\xampp\htdocs\synapse\route.php],20,C:\xampp\htdocs\synapse\app\autoload.php
[readfile(C:\xampp\htdocs\synapse/static/js/angular.min.js.map): failed to open stream: No such file or directory,39,C:\xampp\htdocs\synapse\route.php],20,C:\xampp\htdocs\synapse\app\autoload.php
[readfile(C:\xampp\htdocs\synapse/static/js/angular.min.js.map): failed to open stream: No such file or directory,39,C:\xampp\htdocs\synapse\route.php],20,C:\xampp\htdocs\synapse\app\autoload.php
[readfile(C:\xampp\htdocs\synapse/static/js/angular.min.js.map): failed to open stream: No such file or directory,39,C:\xampp\htdocs\synapse\route.php],20,C:\xampp\htdocs\synapse\app\autoload.php
[readfile(C:\xampp\htdocs\synapse/static/js/angular.min.js.map): failed to open stream: No such file or directory,39,C:\xampp\htdocs\synapse\route.php],20,C:\xampp\htdocs\synapse\app\autoload.php
[readfile(C:\xampp\htdocs\synapse/static/js/angular.min.js.map): failed to open stream: No such file or directory,39,C:\xampp\htdocs\synapse\route.php],20,C:\xampp\htdocs\synapse\app\autoload.php
[readfile(C:\xampp\htdocs\synapse/static/js/angular.min.js.map): failed to open stream: No such file or directory,39,C:\xampp\htdocs\synapse\route.php],20,C:\xampp\htdocs\synapse\app\autoload.php
[readfile(C:\xampp\htdocs\synapse/static/hls/2/out.m3u8): failed to open stream: No such file or directory,39,C:\xampp\htdocs\synapse\route.php],20,C:\xampp\htdocs\synapse\app\autoload.php
[readfile(C:\xampp\htdocs\synapse/static/hls/2/out.m3u8): failed to open stream: No such file or directory,39,C:\xampp\htdocs\synapse\route.php],20,C:\xampp\htdocs\synapse\app\autoload.php
auth.error.noData,54,C:\xampp\htdocs\synapse\app\controllers\user.login.php
auth.error.invalidData,31,C:\xampp\htdocs\synapse\app\controllers\user.login.php
[readfile(C:\xampp\htdocs\synapse/static/hls/2/out.m3u8): failed to open stream: No such file or directory,39,C:\xampp\htdocs\synapse\route.php],20,C:\xampp\htdocs\synapse\app\autoload.php
[readfile(C:\xampp\htdocs\synapse/static/hls/2/out.m3u8): failed to open stream: No such file or directory,39,C:\xampp\htdocs\synapse\route.php],20,C:\xampp\htdocs\synapse\app\autoload.php
[readfile(C:\xampp\htdocs\synapse/static/js/angular.min.js.map): failed to open stream: No such file or directory,39,C:\xampp\htdocs\synapse\route.php],20,C:\xampp\htdocs\synapse\app\autoload.php
[readfile(C:\xampp\htdocs\synapse/static/hls/2/out.m3u8): failed to open stream: No such file or directory,39,C:\xampp\htdocs\synapse\route.php],20,C:\xampp\htdocs\synapse\app\autoload.php
[readfile(C:\xampp\htdocs\synapse/static/js/angular.min.js.map): failed to open stream: No such file or directory,39,C:\xampp\htdocs\synapse\route.php],20,C:\xampp\htdocs\synapse\app\autoload.php
[readfile(C:\xampp\htdocs\synapse/static/hls/2/out.m3u8): failed to open stream: No such file or directory,39,C:\xampp\htdocs\synapse\route.php],20,C:\xampp\htdocs\synapse\app\autoload.php
[readfile(C:\xampp\htdocs\synapse/static/js/angular.min.js.map): failed to open stream: No such file or directory,39,C:\xampp\htdocs\synapse\route.php],20,C:\xampp\htdocs\synapse\app\autoload.php
[readfile(C:\xampp\htdocs\synapse/static/hls/2/out.m3u8): failed to open stream: No such file or directory,39,C:\xampp\htdocs\synapse\route.php],20,C:\xampp\htdocs\synapse\app\autoload.php
[readfile(C:\xampp\htdocs\synapse/static/hls/2/out.m3u8): failed to open stream: No such file or directory,39,C:\xampp\htdocs\synapse\route.php],20,C:\xampp\htdocs\synapse\app\autoload.php
[readfile(C:\xampp\htdocs\synapse/static/js/angular.min.js.map): failed to open stream: No such file or directory,39,C:\xampp\htdocs\synapse\route.php],20,C:\xampp\htdocs\synapse\app\autoload.php
[readfile(C:\xampp\htdocs\synapse/static/hls/2/out.m3u8): failed to open stream: No such file or directory,39,C:\xampp\htdocs\synapse\route.php],20,C:\xampp\htdocs\synapse\app\autoload.php
[readfile(C:\xampp\htdocs\synapse/static/hls/2/out.m3u8): failed to open stream: No such file or directory,39,C:\xampp\htdocs\synapse\route.php],20,C:\xampp\htdocs\synapse\app\autoload.php
[readfile(C:\xampp\htdocs\synapse/static/js/angular.min.js.map): failed to open stream: No such file or directory,39,C:\xampp\htdocs\synapse\route.php],20,C:\xampp\htdocs\synapse\app\autoload.php
[readfile(C:\xampp\htdocs\synapse/static/hls/2/out.m3u8): failed to open stream: No such file or directory,39,C:\xampp\htdocs\synapse\route.php],20,C:\xampp\htdocs\synapse\app\autoload.php
[readfile(C:\xampp\htdocs\synapse/static/hls/2/out.m3u8): failed to open stream: No such file or directory,39,C:\xampp\htdocs\synapse\route.php],20,C:\xampp\htdocs\synapse\app\autoload.php
[readfile(C:\xampp\htdocs\synapse/static/hls/2/out.m3u8): failed to open stream: No such file or directory,39,C:\xampp\htdocs\synapse\route.php],20,C:\xampp\htdocs\synapse\app\autoload.php
[readfile(C:\xampp\htdocs\synapse/static/js/angular.min.js.map): failed to open stream: No such file or directory,39,C:\xampp\htdocs\synapse\route.php],20,C:\xampp\htdocs\synapse\app\autoload.php
[readfile(C:\xampp\htdocs\synapse/static/hls/2/out.m3u8): failed to open stream: No such file or directory,39,C:\xampp\htdocs\synapse\route.php],20,C:\xampp\htdocs\synapse\app\autoload.php
[readfile(C:\xampp\htdocs\synapse/static/js/angular.min.js.map): failed to open stream: No such file or directory,39,C:\xampp\htdocs\synapse\route.php],20,C:\xampp\htdocs\synapse\app\autoload.php
[readfile(C:\xampp\htdocs\synapse/static/hls/2/out.m3u8): failed to open stream: No such file or directory,39,C:\xampp\htdocs\synapse\route.php],20,C:\xampp\htdocs\synapse\app\autoload.php
[readfile(C:\xampp\htdocs\synapse/static/hls/2/out.m3u8): failed to open stream: No such file or directory,39,C:\xampp\htdocs\synapse\route.php],20,C:\xampp\htdocs\synapse\app\autoload.php