
[Undefined index: streamings,5,C:\xampp\htdocs\synapse\site\templates\home\cuerpo.php],29,C:\xampp\htdocs\synapse\.base\autoload.php
[readfile(C:\xampp\htdocs\synapse/static/js/angular.min.js.map): failed to open stream: No such file or directory,44,C:\xampp\htdocs\synapse\route.php],29,C:\xampp\htdocs\synapse\.base\autoload.php
[readfile(C:\xampp\htdocs\synapse/static/js/angular.min.js.map): failed to open stream: No such file or directory,44,C:\xampp\htdocs\synapse\route.php],29,C:\xampp\htdocs\synapse\.base\autoload.php
[readfile(C:\xampp\htdocs\synapse/static/js/angular.min.js.map): failed to open stream: No such file or directory,44,C:\xampp\htdocs\synapse\route.php],29,C:\xampp\htdocs\synapse\.base\autoload.php
[readfile(C:\xampp\htdocs\synapse/static/js/angular.min.js.map): failed to open stream: No such file or directory,44,C:\xampp\htdocs\synapse\route.php],29,C:\xampp\htdocs\synapse\.base\autoload.php
[readfile(C:\xampp\htdocs\synapse/static/js/angular.min.js.map): failed to open stream: No such file or directory,44,C:\xampp\htdocs\synapse\route.php],29,C:\xampp\htdocs\synapse\.base\autoload.php
[readfile(C:\xampp\htdocs\synapse/static/js/angular.min.js.map): failed to open stream: No such file or directory,44,C:\xampp\htdocs\synapse\route.php],29,C:\xampp\htdocs\synapse\.base\autoload.php
[readfile(C:\xampp\htdocs\synapse/static/js/angular.min.js.map): failed to open stream: No such file or directory,44,C:\xampp\htdocs\synapse\route.php],29,C:\xampp\htdocs\synapse\.base\autoload.php
[readfile(C:\xampp\htdocs\synapse/static/js/angular.min.js.map): failed to open stream: No such file or directory,44,C:\xampp\htdocs\synapse\route.php],29,C:\xampp\htdocs\synapse\.base\autoload.php
[readfile(C:\xampp\htdocs\synapse/static/js/angular.min.js.map): failed to open stream: No such file or directory,44,C:\xampp\htdocs\synapse\route.php],29,C:\xampp\htdocs\synapse\.base\autoload.php
[readfile(C:\xampp\htdocs\synapse/static/js/angular.min.js.map): failed to open stream: No such file or directory,44,C:\xampp\htdocs\synapse\route.php],29,C:\xampp\htdocs\synapse\.base\autoload.php
[readfile(C:\xampp\htdocs\synapse/static/js/angular.min.js.map): failed to open stream: No such file or directory,44,C:\xampp\htdocs\synapse\route.php],29,C:\xampp\htdocs\synapse\.base\autoload.php
[readfile(C:\xampp\htdocs\synapse/static/js/angular.min.js.map): failed to open stream: No such file or directory,44,C:\xampp\htdocs\synapse\route.php],29,C:\xampp\htdocs\synapse\.base\autoload.php
[readfile(C:\xampp\htdocs\synapse/static/js/angular.min.js.map): failed to open stream: No such file or directory,44,C:\xampp\htdocs\synapse\route.php],29,C:\xampp\htdocs\synapse\.base\autoload.php
[readfile(C:\xampp\htdocs\synapse/static/js/angular.min.js.map): failed to open stream: No such file or directory,44,C:\xampp\htdocs\synapse\route.php],29,C:\xampp\htdocs\synapse\.base\autoload.php
[readfile(C:\xampp\htdocs\synapse/static/js/angular.min.js.map): failed to open stream: No such file or directory,44,C:\xampp\htdocs\synapse\route.php],29,C:\xampp\htdocs\synapse\.base\autoload.php
[readfile(C:\xampp\htdocs\synapse/static/js/angular.min.js.map): failed to open stream: No such file or directory,44,C:\xampp\htdocs\synapse\route.php],29,C:\xampp\htdocs\synapse\.base\autoload.php
[readfile(C:\xampp\htdocs\synapse/static/js/angular.min.js.map): failed to open stream: No such file or directory,44,C:\xampp\htdocs\synapse\route.php],29,C:\xampp\htdocs\synapse\.base\autoload.php
[readfile(C:\xampp\htdocs\synapse/static/js/angular.min.js.map): failed to open stream: No such file or directory,44,C:\xampp\htdocs\synapse\route.php],29,C:\xampp\htdocs\synapse\.base\autoload.php
[readfile(C:\xampp\htdocs\synapse/static/js/angular.min.js.map): failed to open stream: No such file or directory,44,C:\xampp\htdocs\synapse\route.php],29,C:\xampp\htdocs\synapse\.base\autoload.php
[readfile(C:\xampp\htdocs\synapse/static/js/angular.min.js.map): failed to open stream: No such file or directory,44,C:\xampp\htdocs\synapse\route.php],29,C:\xampp\htdocs\synapse\.base\autoload.php
[Undefined index: save,60,C:\xampp\htdocs\synapse\.base\db\save.php],29,C:\xampp\htdocs\synapse\.base\autoload.php
[readfile(C:\xampp\htdocs\synapse/static/js/angular.min.js.map): failed to open stream: No such file or directory,44,C:\xampp\htdocs\synapse\route.php],29,C:\xampp\htdocs\synapse\.base\autoload.php
[readfile(C:\xampp\htdocs\synapse/static/js/angular.min.js.map): failed to open stream: No such file or directory,44,C:\xampp\htdocs\synapse\route.php],29,C:\xampp\htdocs\synapse\.base\autoload.php
[readfile(C:\xampp\htdocs\synapse/static/js/angular.min.js.map): failed to open stream: No such file or directory,44,C:\xampp\htdocs\synapse\route.php],29,C:\xampp\htdocs\synapse\.base\autoload.php
[readfile(C:\xampp\htdocs\synapse/static/js/angular.min.js.map): failed to open stream: No such file or directory,44,C:\xampp\htdocs\synapse\route.php],29,C:\xampp\htdocs\synapse\.base\autoload.php
[readfile(C:\xampp\htdocs\synapse/static/js/angular.min.js.map): failed to open stream: No such file or directory,44,C:\xampp\htdocs\synapse\route.php],29,C:\xampp\htdocs\synapse\.base\autoload.php
[readfile(C:\xampp\htdocs\synapse/static/js/angular.min.js.map): failed to open stream: No such file or directory,44,C:\xampp\htdocs\synapse\route.php],29,C:\xampp\htdocs\synapse\.base\autoload.php
[readfile(C:\xampp\htdocs\synapse/static/js/angular.min.js.map): failed to open stream: No such file or directory,44,C:\xampp\htdocs\synapse\route.php],29,C:\xampp\htdocs\synapse\.base\autoload.php
[readfile(C:\xampp\htdocs\synapse/static/js/angular.min.js.map): failed to open stream: No such file or directory,44,C:\xampp\htdocs\synapse\route.php],29,C:\xampp\htdocs\synapse\.base\autoload.php
[readfile(C:\xampp\htdocs\synapse/static/js/angular.min.js.map): failed to open stream: No such file or directory,44,C:\xampp\htdocs\synapse\route.php],29,C:\xampp\htdocs\synapse\.base\autoload.php
[readfile(C:\xampp\htdocs\synapse/static/js/angular.min.js.map): failed to open stream: No such file or directory,44,C:\xampp\htdocs\synapse\route.php],29,C:\xampp\htdocs\synapse\.base\autoload.php
[readfile(C:\xampp\htdocs\synapse/static/js/angular.min.js.map): failed to open stream: No such file or directory,44,C:\xampp\htdocs\synapse\route.php],29,C:\xampp\htdocs\synapse\.base\autoload.php
[readfile(C:\xampp\htdocs\synapse/static/js/angular.min.js.map): failed to open stream: No such file or directory,44,C:\xampp\htdocs\synapse\route.php],29,C:\xampp\htdocs\synapse\.base\autoload.php
[readfile(C:\xampp\htdocs\synapse/static/js/angular.min.js.map): failed to open stream: No such file or directory,44,C:\xampp\htdocs\synapse\route.php],29,C:\xampp\htdocs\synapse\.base\autoload.php
[Invalid argument supplied for foreach(),5,C:\xampp\htdocs\synapse\site\templates\home\cuerpo.php],29,C:\xampp\htdocs\synapse\.base\autoload.php
[readfile(C:\xampp\htdocs\synapse/static/js/angular.min.js.map): failed to open stream: No such file or directory,44,C:\xampp\htdocs\synapse\route.php],29,C:\xampp\htdocs\synapse\.base\autoload.php
[readfile(C:\xampp\htdocs\synapse/static/js/angular.min.js.map): failed to open stream: No such file or directory,44,C:\xampp\htdocs\synapse\route.php],29,C:\xampp\htdocs\synapse\.base\autoload.php
[readfile(C:\xampp\htdocs\synapse/static/js/angular.min.js.map): failed to open stream: No such file or directory,44,C:\xampp\htdocs\synapse\route.php],29,C:\xampp\htdocs\synapse\.base\autoload.php
[readfile(C:\xampp\htdocs\synapse/static/js/angular.min.js.map): failed to open stream: No such file or directory,44,C:\xampp\htdocs\synapse\route.php],29,C:\xampp\htdocs\synapse\.base\autoload.php
[readfile(C:\xampp\htdocs\synapse/static/js/angular.min.js.map): failed to open stream: No such file or directory,44,C:\xampp\htdocs\synapse\route.php],29,C:\xampp\htdocs\synapse\.base\autoload.php
[readfile(C:\xampp\htdocs\synapse/static/js/angular.min.js.map): failed to open stream: No such file or directory,44,C:\xampp\htdocs\synapse\route.php],29,C:\xampp\htdocs\synapse\.base\autoload.php
[readfile(C:\xampp\htdocs\synapse/static/js/angular.min.js.map): failed to open stream: No such file or directory,44,C:\xampp\htdocs\synapse\route.php],29,C:\xampp\htdocs\synapse\.base\autoload.php
[readfile(C:\xampp\htdocs\synapse/static/js/angular.min.js.map): failed to open stream: No such file or directory,44,C:\xampp\htdocs\synapse\route.php],29,C:\xampp\htdocs\synapse\.base\autoload.php
[readfile(C:\xampp\htdocs\synapse/static/js/angular.min.js.map): failed to open stream: No such file or directory,44,C:\xampp\htdocs\synapse\route.php],29,C:\xampp\htdocs\synapse\.base\autoload.php
[readfile(C:\xampp\htdocs\synapse/static/js/angular.min.js.map): failed to open stream: No such file or directory,44,C:\xampp\htdocs\synapse\route.php],29,C:\xampp\htdocs\synapse\.base\autoload.php
[readfile(C:\xampp\htdocs\synapse/static/js/angular.min.js.map): failed to open stream: No such file or directory,44,C:\xampp\htdocs\synapse\route.php],29,C:\xampp\htdocs\synapse\.base\autoload.php
[readfile(C:\xampp\htdocs\synapse/static/js/angular.min.js.map): failed to open stream: No such file or directory,44,C:\xampp\htdocs\synapse\route.php],29,C:\xampp\htdocs\synapse\.base\autoload.php
[readfile(C:\xampp\htdocs\synapse/static/js/angular.min.js.map): failed to open stream: No such file or directory,44,C:\xampp\htdocs\synapse\route.php],29,C:\xampp\htdocs\synapse\.base\autoload.php
[readfile(C:\xampp\htdocs\synapse/static/js/angular.min.js.map): failed to open stream: No such file or directory,44,C:\xampp\htdocs\synapse\route.php],29,C:\xampp\htdocs\synapse\.base\autoload.php
[readfile(C:\xampp\htdocs\synapse/static/js/angular.min.js.map): failed to open stream: No such file or directory,44,C:\xampp\htdocs\synapse\route.php],29,C:\xampp\htdocs\synapse\.base\autoload.php
[readfile(C:\xampp\htdocs\synapse/static/js/angular.min.js.map): failed to open stream: No such file or directory,44,C:\xampp\htdocs\synapse\route.php],29,C:\xampp\htdocs\synapse\.base\autoload.php
[readfile(C:\xampp\htdocs\synapse/static/js/angular.min.js.map): failed to open stream: No such file or directory,44,C:\xampp\htdocs\synapse\route.php],29,C:\xampp\htdocs\synapse\.base\autoload.php
[readfile(C:\xampp\htdocs\synapse/static/js/angular.min.js.map): failed to open stream: No such file or directory,44,C:\xampp\htdocs\synapse\route.php],29,C:\xampp\htdocs\synapse\.base\autoload.php
[readfile(C:\xampp\htdocs\synapse/static/js/angular.min.js.map): failed to open stream: No such file or directory,44,C:\xampp\htdocs\synapse\route.php],29,C:\xampp\htdocs\synapse\.base\autoload.php
[readfile(C:\xampp\htdocs\synapse/static/js/angular.min.js.map): failed to open stream: No such file or directory,44,C:\xampp\htdocs\synapse\route.php],29,C:\xampp\htdocs\synapse\.base\autoload.php
[readfile(C:\xampp\htdocs\synapse/static/js/angular.min.js.map): failed to open stream: No such file or directory,44,C:\xampp\htdocs\synapse\route.php],29,C:\xampp\htdocs\synapse\.base\autoload.php
[readfile(C:\xampp\htdocs\synapse/static/js/angular.min.js.map): failed to open stream: No such file or directory,44,C:\xampp\htdocs\synapse\route.php],29,C:\xampp\htdocs\synapse\.base\autoload.php
[readfile(C:\xampp\htdocs\synapse/static/js/angular.min.js.map): failed to open stream: No such file or directory,44,C:\xampp\htdocs\synapse\route.php],29,C:\xampp\htdocs\synapse\.base\autoload.php
[readfile(C:\xampp\htdocs\synapse/static/js/angular.min.js.map): failed to open stream: No such file or directory,44,C:\xampp\htdocs\synapse\route.php],29,C:\xampp\htdocs\synapse\.base\autoload.php
[readfile(C:\xampp\htdocs\synapse/static/js/angular.min.js.map): failed to open stream: No such file or directory,44,C:\xampp\htdocs\synapse\route.php],29,C:\xampp\htdocs\synapse\.base\autoload.php
[readfile(C:\xampp\htdocs\synapse/static/js/angular.min.js.map): failed to open stream: No such file or directory,44,C:\xampp\htdocs\synapse\route.php],29,C:\xampp\htdocs\synapse\.base\autoload.php
[readfile(C:\xampp\htdocs\synapse/static/js/angular.min.js.map): failed to open stream: No such file or directory,44,C:\xampp\htdocs\synapse\route.php],29,C:\xampp\htdocs\synapse\.base\autoload.php
[readfile(C:\xampp\htdocs\synapse/static/js/angular.min.js.map): failed to open stream: No such file or directory,44,C:\xampp\htdocs\synapse\route.php],29,C:\xampp\htdocs\synapse\.base\autoload.php
[readfile(C:\xampp\htdocs\synapse/static/js/angular.min.js.map): failed to open stream: No such file or directory,44,C:\xampp\htdocs\synapse\route.php],29,C:\xampp\htdocs\synapse\.base\autoload.php
[readfile(C:\xampp\htdocs\synapse/static/js/angular.min.js.map): failed to open stream: No such file or directory,44,C:\xampp\htdocs\synapse\route.php],29,C:\xampp\htdocs\synapse\.base\autoload.php
[readfile(C:\xampp\htdocs\synapse/static/js/angular.min.js.map): failed to open stream: No such file or directory,44,C:\xampp\htdocs\synapse\route.php],29,C:\xampp\htdocs\synapse\.base\autoload.php
[readfile(C:\xampp\htdocs\synapse/static/js/angular.min.js.map): failed to open stream: No such file or directory,44,C:\xampp\htdocs\synapse\route.php],29,C:\xampp\htdocs\synapse\.base\autoload.php
[readfile(C:\xampp\htdocs\synapse/static/js/angular.min.js.map): failed to open stream: No such file or directory,44,C:\xampp\htdocs\synapse\route.php],29,C:\xampp\htdocs\synapse\.base\autoload.php
[readfile(C:\xampp\htdocs\synapse/static/js/angular.min.js.map): failed to open stream: No such file or directory,44,C:\xampp\htdocs\synapse\route.php],29,C:\xampp\htdocs\synapse\.base\autoload.php
[readfile(C:\xampp\htdocs\synapse/static/js/angular.min.js.map): failed to open stream: No such file or directory,44,C:\xampp\htdocs\synapse\route.php],29,C:\xampp\htdocs\synapse\.base\autoload.php
[readfile(C:\xampp\htdocs\synapse/static/js/angular.min.js.map): failed to open stream: No such file or directory,44,C:\xampp\htdocs\synapse\route.php],29,C:\xampp\htdocs\synapse\.base\autoload.php
[readfile(C:\xampp\htdocs\synapse/static/js/angular.min.js.map): failed to open stream: No such file or directory,44,C:\xampp\htdocs\synapse\route.php],29,C:\xampp\htdocs\synapse\.base\autoload.php
[readfile(C:\xampp\htdocs\synapse/static/js/angular.min.js.map): failed to open stream: No such file or directory,44,C:\xampp\htdocs\synapse\route.php],29,C:\xampp\htdocs\synapse\.base\autoload.php
[readfile(C:\xampp\htdocs\synapse/static/js/angular.min.js.map): failed to open stream: No such file or directory,44,C:\xampp\htdocs\synapse\route.php],29,C:\xampp\htdocs\synapse\.base\autoload.php
[readfile(C:\xampp\htdocs\synapse/static/js/angular.min.js.map): failed to open stream: No such file or directory,44,C:\xampp\htdocs\synapse\route.php],29,C:\xampp\htdocs\synapse\.base\autoload.php
[readfile(C:\xampp\htdocs\synapse/static/js/angular.min.js.map): failed to open stream: No such file or directory,44,C:\xampp\htdocs\synapse\route.php],29,C:\xampp\htdocs\synapse\.base\autoload.php
[readfile(C:\xampp\htdocs\synapse/static/js/angular.min.js.map): failed to open stream: No such file or directory,44,C:\xampp\htdocs\synapse\route.php],29,C:\xampp\htdocs\synapse\.base\autoload.php
[readfile(C:\xampp\htdocs\synapse/static/js/angular.min.js.map): failed to open stream: No such file or directory,44,C:\xampp\htdocs\synapse\route.php],29,C:\xampp\htdocs\synapse\.base\autoload.php
[readfile(C:\xampp\htdocs\synapse/static/js/angular.min.js.map): failed to open stream: No such file or directory,44,C:\xampp\htdocs\synapse\route.php],29,C:\xampp\htdocs\synapse\.base\autoload.php
[readfile(C:\xampp\htdocs\synapse/static/js/angular.min.js.map): failed to open stream: No such file or directory,44,C:\xampp\htdocs\synapse\route.php],29,C:\xampp\htdocs\synapse\.base\autoload.php
[readfile(C:\xampp\htdocs\synapse/static/js/angular.min.js.map): failed to open stream: No such file or directory,44,C:\xampp\htdocs\synapse\route.php],29,C:\xampp\htdocs\synapse\.base\autoload.php
[readfile(C:\xampp\htdocs\synapse/static/js/angular.min.js.map): failed to open stream: No such file or directory,44,C:\xampp\htdocs\synapse\route.php],29,C:\xampp\htdocs\synapse\.base\autoload.php
[readfile(C:\xampp\htdocs\synapse/static/js/angular.min.js.map): failed to open stream: No such file or directory,44,C:\xampp\htdocs\synapse\route.php],29,C:\xampp\htdocs\synapse\.base\autoload.php
[readfile(C:\xampp\htdocs\synapse/static/js/angular.min.js.map): failed to open stream: No such file or directory,44,C:\xampp\htdocs\synapse\route.php],29,C:\xampp\htdocs\synapse\.base\autoload.php
[readfile(C:\xampp\htdocs\synapse/static/js/angular.min.js.map): failed to open stream: No such file or directory,44,C:\xampp\htdocs\synapse\route.php],29,C:\xampp\htdocs\synapse\.base\autoload.php
[readfile(C:\xampp\htdocs\synapse/static/js/angular.min.js.map): failed to open stream: No such file or directory,44,C:\xampp\htdocs\synapse\route.php],29,C:\xampp\htdocs\synapse\.base\autoload.php
[readfile(C:\xampp\htdocs\synapse/static/js/angular.min.js.map): failed to open stream: No such file or directory,44,C:\xampp\htdocs\synapse\route.php],29,C:\xampp\htdocs\synapse\.base\autoload.php
[readfile(C:\xampp\htdocs\synapse/static/js/angular.min.js.map): failed to open stream: No such file or directory,44,C:\xampp\htdocs\synapse\route.php],29,C:\xampp\htdocs\synapse\.base\autoload.php
[readfile(C:\xampp\htdocs\synapse/static/js/angular.min.js.map): failed to open stream: No such file or directory,44,C:\xampp\htdocs\synapse\route.php],29,C:\xampp\htdocs\synapse\.base\autoload.php
[readfile(C:\xampp\htdocs\synapse/static/js/angular.min.js.map): failed to open stream: No such file or directory,44,C:\xampp\htdocs\synapse\route.php],29,C:\xampp\htdocs\synapse\.base\autoload.php
[readfile(C:\xampp\htdocs\synapse/static/js/angular.min.js.map): failed to open stream: No such file or directory,44,C:\xampp\htdocs\synapse\route.php],29,C:\xampp\htdocs\synapse\.base\autoload.php
[readfile(C:\xampp\htdocs\synapse/static/js/angular.min.js.map): failed to open stream: No such file or directory,44,C:\xampp\htdocs\synapse\route.php],29,C:\xampp\htdocs\synapse\.base\autoload.php
[readfile(C:\xampp\htdocs\synapse/static/js/angular.min.js.map): failed to open stream: No such file or directory,44,C:\xampp\htdocs\synapse\route.php],29,C:\xampp\htdocs\synapse\.base\autoload.php
[readfile(C:\xampp\htdocs\synapse/static/js/angular.min.js.map): failed to open stream: No such file or directory,44,C:\xampp\htdocs\synapse\route.php],29,C:\xampp\htdocs\synapse\.base\autoload.php
[readfile(C:\xampp\htdocs\synapse/static/js/angular.min.js.map): failed to open stream: No such file or directory,44,C:\xampp\htdocs\synapse\route.php],29,C:\xampp\htdocs\synapse\.base\autoload.php
[readfile(C:\xampp\htdocs\synapse/static/js/angular.min.js.map): failed to open stream: No such file or directory,44,C:\xampp\htdocs\synapse\route.php],29,C:\xampp\htdocs\synapse\.base\autoload.php
[readfile(C:\xampp\htdocs\synapse/static/js/angular.min.js.map): failed to open stream: No such file or directory,44,C:\xampp\htdocs\synapse\route.php],29,C:\xampp\htdocs\synapse\.base\autoload.php
[readfile(C:\xampp\htdocs\synapse/static/js/angular.min.js.map): failed to open stream: No such file or directory,44,C:\xampp\htdocs\synapse\route.php],29,C:\xampp\htdocs\synapse\.base\autoload.php
DEMO,44,C:\xampp\htdocs\synapse\.base\db\save.php
[readfile(C:\xampp\htdocs\synapse/static/js/angular.min.js.map): failed to open stream: No such file or directory,44,C:\xampp\htdocs\synapse\route.php],29,C:\xampp\htdocs\synapse\.base\autoload.php
[readfile(C:\xampp\htdocs\synapse/static/js/angular.min.js.map): failed to open stream: No such file or directory,44,C:\xampp\htdocs\synapse\route.php],29,C:\xampp\htdocs\synapse\.base\autoload.php
[readfile(C:\xampp\htdocs\synapse/static/js/angular.min.js.map): failed to open stream: No such file or directory,44,C:\xampp\htdocs\synapse\route.php],29,C:\xampp\htdocs\synapse\.base\autoload.php
[readfile(C:\xampp\htdocs\synapse/static/js/angular.min.js.map): failed to open stream: No such file or directory,44,C:\xampp\htdocs\synapse\route.php],29,C:\xampp\htdocs\synapse\.base\autoload.php
[readfile(C:\xampp\htdocs\synapse/static/js/angular.min.js.map): failed to open stream: No such file or directory,44,C:\xampp\htdocs\synapse\route.php],29,C:\xampp\htdocs\synapse\.base\autoload.php
[readfile(C:\xampp\htdocs\synapse/static/js/angular.min.js.map): failed to open stream: No such file or directory,44,C:\xampp\htdocs\synapse\route.php],29,C:\xampp\htdocs\synapse\.base\autoload.php
[readfile(C:\xampp\htdocs\synapse/static/js/angular.min.js.map): failed to open stream: No such file or directory,44,C:\xampp\htdocs\synapse\route.php],29,C:\xampp\htdocs\synapse\.base\autoload.php
DEMO,44,C:\xampp\htdocs\synapse\.base\db\save.php
[readfile(C:\xampp\htdocs\synapse/static/js/angular.min.js.map): failed to open stream: No such file or directory,44,C:\xampp\htdocs\synapse\route.php],29,C:\xampp\htdocs\synapse\.base\autoload.php
[readfile(C:\xampp\htdocs\synapse/static/js/angular.min.js.map): failed to open stream: No such file or directory,44,C:\xampp\htdocs\synapse\route.php],29,C:\xampp\htdocs\synapse\.base\autoload.php
[readfile(C:\xampp\htdocs\synapse/static/js/angular.min.js.map): failed to open stream: No such file or directory,44,C:\xampp\htdocs\synapse\route.php],29,C:\xampp\htdocs\synapse\.base\autoload.php
[readfile(C:\xampp\htdocs\synapse/static/js/angular.min.js.map): failed to open stream: No such file or directory,44,C:\xampp\htdocs\synapse\route.php],29,C:\xampp\htdocs\synapse\.base\autoload.php